<!DOCTYPE suite SYSTEM "https://testng.org/testng-1.0.dtd">
<suite name="Suite1" verbose="1">
    <test name="regression pack">
        <classes>
            <!--            <class name="org.prog.testng.MyTestNGTest"/>-->
            <!--            <class name="org.prog.testng.MyTestNGTest2"/>-->
            <class name="org.prog.testng.GoogleTestNG"/>
            <class name="org.prog.testng.AlloUaTestNG"/>
        </classes>
    </test>
</suite>
